11 Jul 2024 - 15:19:29.264 [main] INFO  org.example.YoutubeApplication - Starting YoutubeApplication using Java 17.0.10 with PID 19580 (D:\Code_uz\Hojiakbar\JDBC_Spring_Project\Sppring\Youtube\target\classes started by Hp victus in D:\Code_uz\Hojiakbar\JDBC_Spring_Project\Sppring\Youtube)
11 Jul 2024 - 15:19:29.278 [main] INFO  org.example.YoutubeApplication - The following 1 profile is active: "dev"
11 Jul 2024 - 15:19:29.982 [main] INFO  o.s.d.r.c.RepositoryConfigurationDelegate - Bootstrapping Spring Data JPA repositories in DEFAULT mode.
11 Jul 2024 - 15:19:30.054 [main] INFO  o.s.d.r.c.RepositoryConfigurationDelegate - Finished Spring Data repository scanning in 64 ms. Found 7 JPA repository interfaces.
11 Jul 2024 - 15:19:30.504 [main] INFO  o.s.b.w.e.tomcat.TomcatWebServer - Tomcat initialized with port 8080 (http)
11 Jul 2024 - 15:19:30.512 [main] INFO  o.a.catalina.core.StandardService - Starting service [Tomcat]
11 Jul 2024 - 15:19:30.512 [main] INFO  o.a.catalina.core.StandardEngine - Starting Servlet engine: [Apache Tomcat/10.1.25]
11 Jul 2024 - 15:19:30.568 [main] INFO  o.a.c.c.C.[Tomcat].[localhost].[/] - Initializing Spring embedded WebApplicationContext
11 Jul 2024 - 15:19:30.569 [main] INFO  o.s.b.w.s.c.ServletWebServerApplicationContext - Root WebApplicationContext: initialization completed in 1260 ms
11 Jul 2024 - 15:19:30.706 [main] INFO  o.h.jpa.internal.util.LogHelper - HHH000204: Processing PersistenceUnitInfo [name: default]
11 Jul 2024 - 15:19:30.752 [main] INFO  org.hibernate.Version - HHH000412: Hibernate ORM core version 6.5.2.Final
11 Jul 2024 - 15:19:30.779 [main] INFO  o.h.c.i.RegionFactoryInitiator - HHH000026: Second-level cache disabled
11 Jul 2024 - 15:19:31.020 [main] INFO  o.s.o.j.p.SpringPersistenceUnitInfo - No LoadTimeWeaver setup: ignoring JPA class transformer
11 Jul 2024 - 15:19:31.049 [main] INFO  com.zaxxer.hikari.HikariDataSource - HikariPool-1 - Starting...
11 Jul 2024 - 15:19:31.192 [main] INFO  com.zaxxer.hikari.pool.HikariPool - HikariPool-1 - Added connection org.postgresql.jdbc.PgConnection@4f6fd101
11 Jul 2024 - 15:19:31.193 [main] INFO  com.zaxxer.hikari.HikariDataSource - HikariPool-1 - Start completed.
11 Jul 2024 - 15:19:31.248 [main] WARN  org.hibernate.orm.deprecation - HHH90000025: PostgreSQLDialect does not need to be specified explicitly using 'hibernate.dialect' (remove the property setting and it will be selected by default)
11 Jul 2024 - 15:19:32.037 [main] INFO  o.h.e.t.j.p.i.JtaPlatformInitiator - HHH000489: No JTA platform available (set 'hibernate.transaction.jta.platform' to enable JTA platform integration)
11 Jul 2024 - 15:19:32.186 [main] INFO  o.s.o.j.LocalContainerEntityManagerFactoryBean - Initialized JPA EntityManagerFactory for persistence unit 'default'
11 Jul 2024 - 15:19:32.363 [main] INFO  o.s.d.j.r.query.QueryEnhancerFactory - Hibernate is in classpath; If applicable, HQL parser will be used.
11 Jul 2024 - 15:19:33.010 [main] WARN  o.s.b.a.o.j.JpaBaseConfiguration$JpaWebConfiguration - spring.jpa.open-in-view is enabled by default. Therefore, database queries may be performed during view rendering. Explicitly configure spring.jpa.open-in-view to disable this warning
11 Jul 2024 - 15:19:33.036 [main] INFO  o.s.s.c.a.a.c.InitializeAuthenticationProviderBeanManagerConfigurer$InitializeAuthenticationProviderManagerConfigurer - Global AuthenticationManager configured with AuthenticationProvider bean with name authenticationProvider
11 Jul 2024 - 15:19:33.037 [main] WARN  o.s.s.c.a.a.c.InitializeUserDetailsBeanManagerConfigurer$InitializeUserDetailsManagerConfigurer - Global AuthenticationManager configured with an AuthenticationProvider bean. UserDetailsService beans will not be used for username/password login. Consider removing the AuthenticationProvider bean. Alternatively, consider using the UserDetailsService in a manually instantiated DaoAuthenticationProvider.
11 Jul 2024 - 15:19:33.640 [main] WARN  o.s.b.w.s.c.AnnotationConfigServletWebServerApplicationContext - Exception encountered during context initialization - cancelling refresh attempt: org.springframework.context.ApplicationContextException: Failed to start bean 'webServerStartStop'
11 Jul 2024 - 15:19:33.644 [main] INFO  o.s.o.j.LocalContainerEntityManagerFactoryBean - Closing JPA EntityManagerFactory for persistence unit 'default'
11 Jul 2024 - 15:19:33.646 [main] INFO  com.zaxxer.hikari.HikariDataSource - HikariPool-1 - Shutdown initiated...
11 Jul 2024 - 15:19:33.648 [main] INFO  com.zaxxer.hikari.HikariDataSource - HikariPool-1 - Shutdown completed.
11 Jul 2024 - 15:19:33.665 [main] INFO  o.s.b.a.l.ConditionEvaluationReportLogger - 

Error starting ApplicationContext. To display the condition evaluation report re-run your application with 'debug' enabled.
11 Jul 2024 - 15:19:33.675 [main] ERROR o.s.b.d.LoggingFailureAnalysisReporter - 

***************************
APPLICATION FAILED TO START
***************************

Description:

Web server failed to start. Port 8080 was already in use.

Action:

Identify and stop the process that's listening on port 8080 or configure this application to listen on another port.

11 Jul 2024 - 23:44:41.708 [main] INFO  org.example.YoutubeApplication - Starting YoutubeApplication using Java 17.0.10 with PID 20404 (D:\Code_uz\Hojiakbar\JDBC_Spring_Project\Sppring\Youtube\target\classes started by Hp victus in D:\Code_uz\Hojiakbar\JDBC_Spring_Project\Sppring\Youtube)
11 Jul 2024 - 23:44:41.747 [main] INFO  org.example.YoutubeApplication - The following 1 profile is active: "dev"
11 Jul 2024 - 23:44:42.866 [main] INFO  o.s.d.r.c.RepositoryConfigurationDelegate - Bootstrapping Spring Data JPA repositories in DEFAULT mode.
11 Jul 2024 - 23:44:42.956 [main] INFO  o.s.d.r.c.RepositoryConfigurationDelegate - Finished Spring Data repository scanning in 81 ms. Found 7 JPA repository interfaces.
11 Jul 2024 - 23:44:43.527 [main] INFO  o.s.b.w.e.tomcat.TomcatWebServer - Tomcat initialized with port 8080 (http)
11 Jul 2024 - 23:44:43.539 [main] INFO  o.a.catalina.core.StandardService - Starting service [Tomcat]
11 Jul 2024 - 23:44:43.540 [main] INFO  o.a.catalina.core.StandardEngine - Starting Servlet engine: [Apache Tomcat/10.1.25]
11 Jul 2024 - 23:44:43.606 [main] INFO  o.a.c.c.C.[Tomcat].[localhost].[/] - Initializing Spring embedded WebApplicationContext
11 Jul 2024 - 23:44:43.606 [main] INFO  o.s.b.w.s.c.ServletWebServerApplicationContext - Root WebApplicationContext: initialization completed in 1819 ms
11 Jul 2024 - 23:44:43.771 [main] INFO  o.h.jpa.internal.util.LogHelper - HHH000204: Processing PersistenceUnitInfo [name: default]
11 Jul 2024 - 23:44:43.837 [main] INFO  org.hibernate.Version - HHH000412: Hibernate ORM core version 6.5.2.Final
11 Jul 2024 - 23:44:43.869 [main] INFO  o.h.c.i.RegionFactoryInitiator - HHH000026: Second-level cache disabled
11 Jul 2024 - 23:44:44.177 [main] INFO  o.s.o.j.p.SpringPersistenceUnitInfo - No LoadTimeWeaver setup: ignoring JPA class transformer
11 Jul 2024 - 23:44:44.201 [main] INFO  com.zaxxer.hikari.HikariDataSource - HikariPool-1 - Starting...
11 Jul 2024 - 23:44:44.385 [main] INFO  com.zaxxer.hikari.pool.HikariPool - HikariPool-1 - Added connection org.postgresql.jdbc.PgConnection@61c5fd78
11 Jul 2024 - 23:44:44.387 [main] INFO  com.zaxxer.hikari.HikariDataSource - HikariPool-1 - Start completed.
11 Jul 2024 - 23:44:44.475 [main] WARN  org.hibernate.orm.deprecation - HHH90000025: PostgreSQLDialect does not need to be specified explicitly using 'hibernate.dialect' (remove the property setting and it will be selected by default)
11 Jul 2024 - 23:44:45.607 [main] INFO  o.h.e.t.j.p.i.JtaPlatformInitiator - HHH000489: No JTA platform available (set 'hibernate.transaction.jta.platform' to enable JTA platform integration)
11 Jul 2024 - 23:44:45.911 [main] INFO  o.s.o.j.LocalContainerEntityManagerFactoryBean - Initialized JPA EntityManagerFactory for persistence unit 'default'
11 Jul 2024 - 23:44:46.279 [main] INFO  o.s.d.j.r.query.QueryEnhancerFactory - Hibernate is in classpath; If applicable, HQL parser will be used.
11 Jul 2024 - 23:44:47.131 [main] WARN  o.s.b.a.o.j.JpaBaseConfiguration$JpaWebConfiguration - spring.jpa.open-in-view is enabled by default. Therefore, database queries may be performed during view rendering. Explicitly configure spring.jpa.open-in-view to disable this warning
11 Jul 2024 - 23:44:47.171 [main] INFO  o.s.s.c.a.a.c.InitializeAuthenticationProviderBeanManagerConfigurer$InitializeAuthenticationProviderManagerConfigurer - Global AuthenticationManager configured with AuthenticationProvider bean with name authenticationProvider
11 Jul 2024 - 23:44:47.172 [main] WARN  o.s.s.c.a.a.c.InitializeUserDetailsBeanManagerConfigurer$InitializeUserDetailsManagerConfigurer - Global AuthenticationManager configured with an AuthenticationProvider bean. UserDetailsService beans will not be used for username/password login. Consider removing the AuthenticationProvider bean. Alternatively, consider using the UserDetailsService in a manually instantiated DaoAuthenticationProvider.
11 Jul 2024 - 23:44:48.008 [main] INFO  o.s.b.w.e.tomcat.TomcatWebServer - Tomcat started on port 8080 (http) with context path '/'
11 Jul 2024 - 23:44:48.026 [main] INFO  org.example.YoutubeApplication - Started YoutubeApplication in 6.834 seconds (process running for 7.579)
11 Jul 2024 - 23:44:48.202 [main] INFO  org.flywaydb.core.FlywayExecutor - Database: jdbc:postgresql://localhost:5432/Youtube (PostgreSQL 14.11)
11 Jul 2024 - 23:44:48.305 [main] INFO  o.f.core.internal.command.DbValidate - Successfully validated 2 migrations (execution time 00:00.051s)
11 Jul 2024 - 23:44:48.325 [main] INFO  o.f.core.internal.command.DbMigrate - Current version of schema "public": 2
11 Jul 2024 - 23:44:48.329 [main] INFO  o.f.core.internal.command.DbMigrate - Schema "public" is up to date. No migration necessary.
11 Jul 2024 - 23:45:40.277 [http-nio-8080-exec-1] INFO  o.a.c.c.C.[Tomcat].[localhost].[/] - Initializing Spring DispatcherServlet 'dispatcherServlet'
11 Jul 2024 - 23:45:40.278 [http-nio-8080-exec-1] INFO  o.s.web.servlet.DispatcherServlet - Initializing Servlet 'dispatcherServlet'
11 Jul 2024 - 23:45:40.281 [http-nio-8080-exec-1] INFO  o.s.web.servlet.DispatcherServlet - Completed initialization in 3 ms
11 Jul 2024 - 23:45:40.623 [http-nio-8080-exec-1] INFO  o.e.c.AuthorizationController - Login email = handaulov@gmail.com password = 1234
