12 Jul 2024 - 00:15:45.738 [HikariPool-1 housekeeper] WARN  com.zaxxer.hikari.pool.HikariPool - HikariPool-1 - Thread starvation or clock leap detected (housekeeper delta=4m732ms663µs500ns).
12 Jul 2024 - 15:26:16.242 [main] INFO  org.example.YoutubeApplication - Starting YoutubeApplication using Java 17.0.10 with PID 18148 (D:\Code_uz\Hojiakbar\JDBC_Spring_Project\Sppring\Youtube\target\classes started by Hp victus in D:\Code_uz\Hojiakbar\JDBC_Spring_Project\Sppring\Youtube)
12 Jul 2024 - 15:26:16.261 [main] INFO  org.example.YoutubeApplication - The following 1 profile is active: "dev"
12 Jul 2024 - 15:26:17.625 [main] INFO  o.s.d.r.c.RepositoryConfigurationDelegate - Bootstrapping Spring Data JPA repositories in DEFAULT mode.
12 Jul 2024 - 15:26:17.746 [main] INFO  o.s.d.r.c.RepositoryConfigurationDelegate - Finished Spring Data repository scanning in 100 ms. Found 7 JPA repository interfaces.
12 Jul 2024 - 15:26:18.557 [main] INFO  o.s.b.w.e.tomcat.TomcatWebServer - Tomcat initialized with port 8080 (http)
12 Jul 2024 - 15:26:18.571 [main] INFO  o.a.catalina.core.StandardService - Starting service [Tomcat]
12 Jul 2024 - 15:26:18.572 [main] INFO  o.a.catalina.core.StandardEngine - Starting Servlet engine: [Apache Tomcat/10.1.25]
12 Jul 2024 - 15:26:18.661 [main] INFO  o.a.c.c.C.[Tomcat].[localhost].[/] - Initializing Spring embedded WebApplicationContext
12 Jul 2024 - 15:26:18.661 [main] INFO  o.s.b.w.s.c.ServletWebServerApplicationContext - Root WebApplicationContext: initialization completed in 2347 ms
12 Jul 2024 - 15:26:18.834 [main] INFO  o.h.jpa.internal.util.LogHelper - HHH000204: Processing PersistenceUnitInfo [name: default]
12 Jul 2024 - 15:26:18.946 [main] INFO  org.hibernate.Version - HHH000412: Hibernate ORM core version 6.5.2.Final
12 Jul 2024 - 15:26:19.016 [main] INFO  o.h.c.i.RegionFactoryInitiator - HHH000026: Second-level cache disabled
12 Jul 2024 - 15:26:19.456 [main] INFO  o.s.o.j.p.SpringPersistenceUnitInfo - No LoadTimeWeaver setup: ignoring JPA class transformer
12 Jul 2024 - 15:26:19.511 [main] INFO  com.zaxxer.hikari.HikariDataSource - HikariPool-1 - Starting...
12 Jul 2024 - 15:26:19.775 [main] INFO  com.zaxxer.hikari.pool.HikariPool - HikariPool-1 - Added connection org.postgresql.jdbc.PgConnection@4f6fd101
12 Jul 2024 - 15:26:19.776 [main] INFO  com.zaxxer.hikari.HikariDataSource - HikariPool-1 - Start completed.
12 Jul 2024 - 15:26:19.847 [main] WARN  org.hibernate.orm.deprecation - HHH90000025: PostgreSQLDialect does not need to be specified explicitly using 'hibernate.dialect' (remove the property setting and it will be selected by default)
12 Jul 2024 - 15:26:21.196 [main] INFO  o.h.e.t.j.p.i.JtaPlatformInitiator - HHH000489: No JTA platform available (set 'hibernate.transaction.jta.platform' to enable JTA platform integration)
12 Jul 2024 - 15:26:21.428 [main] INFO  o.s.o.j.LocalContainerEntityManagerFactoryBean - Initialized JPA EntityManagerFactory for persistence unit 'default'
12 Jul 2024 - 15:26:21.754 [main] INFO  o.s.d.j.r.query.QueryEnhancerFactory - Hibernate is in classpath; If applicable, HQL parser will be used.
12 Jul 2024 - 15:26:22.954 [main] WARN  o.s.b.a.o.j.JpaBaseConfiguration$JpaWebConfiguration - spring.jpa.open-in-view is enabled by default. Therefore, database queries may be performed during view rendering. Explicitly configure spring.jpa.open-in-view to disable this warning
12 Jul 2024 - 15:26:23.020 [main] INFO  o.s.s.c.a.a.c.InitializeAuthenticationProviderBeanManagerConfigurer$InitializeAuthenticationProviderManagerConfigurer - Global AuthenticationManager configured with AuthenticationProvider bean with name authenticationProvider
12 Jul 2024 - 15:26:23.023 [main] WARN  o.s.s.c.a.a.c.InitializeUserDetailsBeanManagerConfigurer$InitializeUserDetailsManagerConfigurer - Global AuthenticationManager configured with an AuthenticationProvider bean. UserDetailsService beans will not be used for username/password login. Consider removing the AuthenticationProvider bean. Alternatively, consider using the UserDetailsService in a manually instantiated DaoAuthenticationProvider.
12 Jul 2024 - 15:26:24.145 [main] INFO  o.s.b.w.e.tomcat.TomcatWebServer - Tomcat started on port 8080 (http) with context path '/'
12 Jul 2024 - 15:26:24.161 [main] INFO  org.example.YoutubeApplication - Started YoutubeApplication in 8.474 seconds (process running for 9.227)
12 Jul 2024 - 15:26:24.357 [main] INFO  org.flywaydb.core.FlywayExecutor - Database: jdbc:postgresql://localhost:5432/Youtube (PostgreSQL 14.11)
12 Jul 2024 - 15:26:24.437 [main] INFO  o.f.core.internal.command.DbValidate - Successfully validated 2 migrations (execution time 00:00.044s)
12 Jul 2024 - 15:26:24.451 [main] INFO  o.f.core.internal.command.DbMigrate - Current version of schema "public": 2
12 Jul 2024 - 15:26:24.456 [main] INFO  o.f.core.internal.command.DbMigrate - Schema "public" is up to date. No migration necessary.
12 Jul 2024 - 15:43:23.441 [http-nio-8080-exec-1] INFO  o.a.coyote.http11.Http11Processor - Error parsing HTTP request header
 Note: further occurrences of HTTP request parsing errors will be logged at DEBUG level.
java.lang.IllegalArgumentException: Invalid character found in method name [0x160x030x010x060xc00x010x000x060xbc0x030x03L0x890xb00x080xd0t0xc2u0xfc0x8a%Z50x10N0x03J0xe20x970xd60x880xdd:0xd30xb50xca0xdcU>0x010xcb0xdb ]. HTTP method names must be tokens
	at org.apache.coyote.http11.Http11InputBuffer.parseRequestLine(Http11InputBuffer.java:407)
	at org.apache.coyote.http11.Http11Processor.service(Http11Processor.java:262)
	at org.apache.coyote.AbstractProcessorLight.process(AbstractProcessorLight.java:63)
	at org.apache.coyote.AbstractProtocol$ConnectionHandler.process(AbstractProtocol.java:904)
	at org.apache.tomcat.util.net.NioEndpoint$SocketProcessor.doRun(NioEndpoint.java:1741)
	at org.apache.tomcat.util.net.SocketProcessorBase.run(SocketProcessorBase.java:52)
	at org.apache.tomcat.util.threads.ThreadPoolExecutor.runWorker(ThreadPoolExecutor.java:1190)
	at org.apache.tomcat.util.threads.ThreadPoolExecutor$Worker.run(ThreadPoolExecutor.java:659)
	at org.apache.tomcat.util.threads.TaskThread$WrappingRunnable.run(TaskThread.java:63)
	at java.base/java.lang.Thread.run(Thread.java:842)
12 Jul 2024 - 15:51:49.831 [SpringApplicationShutdownHook] INFO  o.s.o.j.LocalContainerEntityManagerFactoryBean - Closing JPA EntityManagerFactory for persistence unit 'default'
12 Jul 2024 - 15:51:49.835 [SpringApplicationShutdownHook] INFO  com.zaxxer.hikari.HikariDataSource - HikariPool-1 - Shutdown initiated...
12 Jul 2024 - 15:51:49.844 [SpringApplicationShutdownHook] INFO  com.zaxxer.hikari.HikariDataSource - HikariPool-1 - Shutdown completed.
12 Jul 2024 - 15:51:52.902 [main] INFO  org.example.YoutubeApplication - Starting YoutubeApplication using Java 17.0.10 with PID 2956 (D:\Code_uz\Hojiakbar\JDBC_Spring_Project\Sppring\Youtube\target\classes started by Hp victus in D:\Code_uz\Hojiakbar\JDBC_Spring_Project\Sppring\Youtube)
12 Jul 2024 - 15:51:52.916 [main] INFO  org.example.YoutubeApplication - The following 1 profile is active: "dev"
12 Jul 2024 - 15:51:53.892 [main] INFO  o.s.d.r.c.RepositoryConfigurationDelegate - Bootstrapping Spring Data JPA repositories in DEFAULT mode.
12 Jul 2024 - 15:51:53.979 [main] INFO  o.s.d.r.c.RepositoryConfigurationDelegate - Finished Spring Data repository scanning in 79 ms. Found 7 JPA repository interfaces.
12 Jul 2024 - 15:51:54.580 [main] INFO  o.s.b.w.e.tomcat.TomcatWebServer - Tomcat initialized with port 8080 (http)
12 Jul 2024 - 15:51:54.594 [main] INFO  o.a.catalina.core.StandardService - Starting service [Tomcat]
12 Jul 2024 - 15:51:54.595 [main] INFO  o.a.catalina.core.StandardEngine - Starting Servlet engine: [Apache Tomcat/10.1.25]
12 Jul 2024 - 15:51:54.698 [main] INFO  o.a.c.c.C.[Tomcat].[localhost].[/] - Initializing Spring embedded WebApplicationContext
12 Jul 2024 - 15:51:54.699 [main] INFO  o.s.b.w.s.c.ServletWebServerApplicationContext - Root WebApplicationContext: initialization completed in 1733 ms
12 Jul 2024 - 15:51:54.868 [main] INFO  o.h.jpa.internal.util.LogHelper - HHH000204: Processing PersistenceUnitInfo [name: default]
12 Jul 2024 - 15:51:54.919 [main] INFO  org.hibernate.Version - HHH000412: Hibernate ORM core version 6.5.2.Final
12 Jul 2024 - 15:51:54.951 [main] INFO  o.h.c.i.RegionFactoryInitiator - HHH000026: Second-level cache disabled
12 Jul 2024 - 15:51:55.272 [main] INFO  o.s.o.j.p.SpringPersistenceUnitInfo - No LoadTimeWeaver setup: ignoring JPA class transformer
12 Jul 2024 - 15:51:55.298 [main] INFO  com.zaxxer.hikari.HikariDataSource - HikariPool-1 - Starting...
12 Jul 2024 - 15:51:55.455 [main] INFO  com.zaxxer.hikari.pool.HikariPool - HikariPool-1 - Added connection org.postgresql.jdbc.PgConnection@60a4e619
12 Jul 2024 - 15:51:55.458 [main] INFO  com.zaxxer.hikari.HikariDataSource - HikariPool-1 - Start completed.
12 Jul 2024 - 15:51:55.517 [main] WARN  org.hibernate.orm.deprecation - HHH90000025: PostgreSQLDialect does not need to be specified explicitly using 'hibernate.dialect' (remove the property setting and it will be selected by default)
12 Jul 2024 - 15:51:56.642 [main] INFO  o.h.e.t.j.p.i.JtaPlatformInitiator - HHH000489: No JTA platform available (set 'hibernate.transaction.jta.platform' to enable JTA platform integration)
12 Jul 2024 - 15:51:56.810 [main] INFO  o.s.o.j.LocalContainerEntityManagerFactoryBean - Initialized JPA EntityManagerFactory for persistence unit 'default'
12 Jul 2024 - 15:51:57.049 [main] INFO  o.s.d.j.r.query.QueryEnhancerFactory - Hibernate is in classpath; If applicable, HQL parser will be used.
12 Jul 2024 - 15:51:57.954 [main] WARN  o.s.b.a.o.j.JpaBaseConfiguration$JpaWebConfiguration - spring.jpa.open-in-view is enabled by default. Therefore, database queries may be performed during view rendering. Explicitly configure spring.jpa.open-in-view to disable this warning
12 Jul 2024 - 15:51:57.988 [main] INFO  o.s.s.c.a.a.c.InitializeAuthenticationProviderBeanManagerConfigurer$InitializeAuthenticationProviderManagerConfigurer - Global AuthenticationManager configured with AuthenticationProvider bean with name authenticationProvider
12 Jul 2024 - 15:51:57.989 [main] WARN  o.s.s.c.a.a.c.InitializeUserDetailsBeanManagerConfigurer$InitializeUserDetailsManagerConfigurer - Global AuthenticationManager configured with an AuthenticationProvider bean. UserDetailsService beans will not be used for username/password login. Consider removing the AuthenticationProvider bean. Alternatively, consider using the UserDetailsService in a manually instantiated DaoAuthenticationProvider.
12 Jul 2024 - 15:51:58.773 [main] INFO  o.s.b.w.e.tomcat.TomcatWebServer - Tomcat started on port 8080 (http) with context path '/'
12 Jul 2024 - 15:51:58.791 [main] INFO  org.example.YoutubeApplication - Started YoutubeApplication in 6.312 seconds (process running for 6.959)
12 Jul 2024 - 15:51:58.953 [main] INFO  org.flywaydb.core.FlywayExecutor - Database: jdbc:postgresql://localhost:5432/Youtube (PostgreSQL 14.11)
12 Jul 2024 - 15:51:59.031 [main] INFO  o.f.core.internal.command.DbValidate - Successfully validated 2 migrations (execution time 00:00.038s)
12 Jul 2024 - 15:51:59.044 [main] INFO  o.f.core.internal.command.DbMigrate - Current version of schema "public": 2
12 Jul 2024 - 15:51:59.048 [main] INFO  o.f.core.internal.command.DbMigrate - Schema "public" is up to date. No migration necessary.
12 Jul 2024 - 15:55:25.215 [http-nio-8080-exec-1] INFO  o.a.coyote.http11.Http11Processor - Error parsing HTTP request header
 Note: further occurrences of HTTP request parsing errors will be logged at DEBUG level.
java.lang.IllegalArgumentException: Invalid character found in method name [0x160x030x010x060xe00x010x000x060xdc0x030x030xfc0x1e%0x9a(0x0aJb0xff0xe8%0x7f0x0e0x1c90x000x12D0x800xd090xbf@0x870xf1C0xec0xf40xf70x89V0xf9 ]. HTTP method names must be tokens
	at org.apache.coyote.http11.Http11InputBuffer.parseRequestLine(Http11InputBuffer.java:407)
	at org.apache.coyote.http11.Http11Processor.service(Http11Processor.java:262)
	at org.apache.coyote.AbstractProcessorLight.process(AbstractProcessorLight.java:63)
	at org.apache.coyote.AbstractProtocol$ConnectionHandler.process(AbstractProtocol.java:904)
	at org.apache.tomcat.util.net.NioEndpoint$SocketProcessor.doRun(NioEndpoint.java:1741)
	at org.apache.tomcat.util.net.SocketProcessorBase.run(SocketProcessorBase.java:52)
	at org.apache.tomcat.util.threads.ThreadPoolExecutor.runWorker(ThreadPoolExecutor.java:1190)
	at org.apache.tomcat.util.threads.ThreadPoolExecutor$Worker.run(ThreadPoolExecutor.java:659)
	at org.apache.tomcat.util.threads.TaskThread$WrappingRunnable.run(TaskThread.java:63)
	at java.base/java.lang.Thread.run(Thread.java:842)
12 Jul 2024 - 15:57:05.807 [SpringApplicationShutdownHook] INFO  o.s.o.j.LocalContainerEntityManagerFactoryBean - Closing JPA EntityManagerFactory for persistence unit 'default'
12 Jul 2024 - 15:57:05.809 [SpringApplicationShutdownHook] INFO  com.zaxxer.hikari.HikariDataSource - HikariPool-1 - Shutdown initiated...
12 Jul 2024 - 15:57:05.821 [SpringApplicationShutdownHook] INFO  com.zaxxer.hikari.HikariDataSource - HikariPool-1 - Shutdown completed.
12 Jul 2024 - 15:57:09.591 [main] INFO  org.example.YoutubeApplication - Starting YoutubeApplication using Java 17.0.10 with PID 13044 (D:\Code_uz\Hojiakbar\JDBC_Spring_Project\Sppring\Youtube\target\classes started by Hp victus in D:\Code_uz\Hojiakbar\JDBC_Spring_Project\Sppring\Youtube)
12 Jul 2024 - 15:57:09.607 [main] INFO  org.example.YoutubeApplication - The following 1 profile is active: "dev"
12 Jul 2024 - 15:57:10.602 [main] INFO  o.s.d.r.c.RepositoryConfigurationDelegate - Bootstrapping Spring Data JPA repositories in DEFAULT mode.
12 Jul 2024 - 15:57:10.690 [main] INFO  o.s.d.r.c.RepositoryConfigurationDelegate - Finished Spring Data repository scanning in 80 ms. Found 7 JPA repository interfaces.
12 Jul 2024 - 15:57:11.291 [main] INFO  o.s.b.w.e.tomcat.TomcatWebServer - Tomcat initialized with port 8080 (http)
12 Jul 2024 - 15:57:11.305 [main] INFO  o.a.catalina.core.StandardService - Starting service [Tomcat]
12 Jul 2024 - 15:57:11.306 [main] INFO  o.a.catalina.core.StandardEngine - Starting Servlet engine: [Apache Tomcat/10.1.25]
12 Jul 2024 - 15:57:11.414 [main] INFO  o.a.c.c.C.[Tomcat].[localhost].[/] - Initializing Spring embedded WebApplicationContext
12 Jul 2024 - 15:57:11.415 [main] INFO  o.s.b.w.s.c.ServletWebServerApplicationContext - Root WebApplicationContext: initialization completed in 1756 ms
12 Jul 2024 - 15:57:11.565 [main] INFO  o.h.jpa.internal.util.LogHelper - HHH000204: Processing PersistenceUnitInfo [name: default]
12 Jul 2024 - 15:57:11.616 [main] INFO  org.hibernate.Version - HHH000412: Hibernate ORM core version 6.5.2.Final
12 Jul 2024 - 15:57:11.647 [main] INFO  o.h.c.i.RegionFactoryInitiator - HHH000026: Second-level cache disabled
12 Jul 2024 - 15:57:11.967 [main] INFO  o.s.o.j.p.SpringPersistenceUnitInfo - No LoadTimeWeaver setup: ignoring JPA class transformer
12 Jul 2024 - 15:57:11.993 [main] INFO  com.zaxxer.hikari.HikariDataSource - HikariPool-1 - Starting...
12 Jul 2024 - 15:57:12.146 [main] INFO  com.zaxxer.hikari.pool.HikariPool - HikariPool-1 - Added connection org.postgresql.jdbc.PgConnection@208e5b23
12 Jul 2024 - 15:57:12.148 [main] INFO  com.zaxxer.hikari.HikariDataSource - HikariPool-1 - Start completed.
12 Jul 2024 - 15:57:12.226 [main] WARN  org.hibernate.orm.deprecation - HHH90000025: PostgreSQLDialect does not need to be specified explicitly using 'hibernate.dialect' (remove the property setting and it will be selected by default)
12 Jul 2024 - 15:57:13.490 [main] INFO  o.h.e.t.j.p.i.JtaPlatformInitiator - HHH000489: No JTA platform available (set 'hibernate.transaction.jta.platform' to enable JTA platform integration)
12 Jul 2024 - 15:57:13.718 [main] INFO  o.s.o.j.LocalContainerEntityManagerFactoryBean - Initialized JPA EntityManagerFactory for persistence unit 'default'
12 Jul 2024 - 15:57:14.045 [main] INFO  o.s.d.j.r.query.QueryEnhancerFactory - Hibernate is in classpath; If applicable, HQL parser will be used.
12 Jul 2024 - 15:57:14.871 [main] WARN  o.s.b.a.o.j.JpaBaseConfiguration$JpaWebConfiguration - spring.jpa.open-in-view is enabled by default. Therefore, database queries may be performed during view rendering. Explicitly configure spring.jpa.open-in-view to disable this warning
12 Jul 2024 - 15:57:14.910 [main] INFO  o.s.s.c.a.a.c.InitializeAuthenticationProviderBeanManagerConfigurer$InitializeAuthenticationProviderManagerConfigurer - Global AuthenticationManager configured with AuthenticationProvider bean with name authenticationProvider
12 Jul 2024 - 15:57:14.912 [main] WARN  o.s.s.c.a.a.c.InitializeUserDetailsBeanManagerConfigurer$InitializeUserDetailsManagerConfigurer - Global AuthenticationManager configured with an AuthenticationProvider bean. UserDetailsService beans will not be used for username/password login. Consider removing the AuthenticationProvider bean. Alternatively, consider using the UserDetailsService in a manually instantiated DaoAuthenticationProvider.
12 Jul 2024 - 15:57:15.702 [main] INFO  o.s.b.w.e.tomcat.TomcatWebServer - Tomcat started on port 8080 (http) with context path '/'
12 Jul 2024 - 15:57:15.716 [main] INFO  org.example.YoutubeApplication - Started YoutubeApplication in 6.546 seconds (process running for 7.183)
12 Jul 2024 - 15:57:15.869 [main] INFO  org.flywaydb.core.FlywayExecutor - Database: jdbc:postgresql://localhost:5432/Youtube (PostgreSQL 14.11)
12 Jul 2024 - 15:57:15.944 [main] INFO  o.f.core.internal.command.DbValidate - Successfully validated 2 migrations (execution time 00:00.053s)
12 Jul 2024 - 15:57:15.955 [main] INFO  o.f.core.internal.command.DbMigrate - Current version of schema "public": 2
12 Jul 2024 - 15:57:15.957 [main] INFO  o.f.core.internal.command.DbMigrate - Schema "public" is up to date. No migration necessary.
12 Jul 2024 - 16:05:25.179 [http-nio-8080-exec-1] INFO  o.a.coyote.http11.Http11Processor - Error parsing HTTP request header
 Note: further occurrences of HTTP request parsing errors will be logged at DEBUG level.
java.lang.IllegalArgumentException: Invalid character found in method name [0x160x030x010x060xc00x010x000x060xbc0x030x030xfb0x08P0xc80xefp0xdc0x92S0xe80x0d}E0xa50xba0xa50xf10xb4}0xdc0xcb0x8f0xbb0xd40xe3=H0x88a0x1d0xd9P ]. HTTP method names must be tokens
	at org.apache.coyote.http11.Http11InputBuffer.parseRequestLine(Http11InputBuffer.java:407)
	at org.apache.coyote.http11.Http11Processor.service(Http11Processor.java:262)
	at org.apache.coyote.AbstractProcessorLight.process(AbstractProcessorLight.java:63)
	at org.apache.coyote.AbstractProtocol$ConnectionHandler.process(AbstractProtocol.java:904)
	at org.apache.tomcat.util.net.NioEndpoint$SocketProcessor.doRun(NioEndpoint.java:1741)
	at org.apache.tomcat.util.net.SocketProcessorBase.run(SocketProcessorBase.java:52)
	at org.apache.tomcat.util.threads.ThreadPoolExecutor.runWorker(ThreadPoolExecutor.java:1190)
	at org.apache.tomcat.util.threads.ThreadPoolExecutor$Worker.run(ThreadPoolExecutor.java:659)
	at org.apache.tomcat.util.threads.TaskThread$WrappingRunnable.run(TaskThread.java:63)
	at java.base/java.lang.Thread.run(Thread.java:842)
12 Jul 2024 - 16:12:12.050 [SpringApplicationShutdownHook] INFO  o.s.o.j.LocalContainerEntityManagerFactoryBean - Closing JPA EntityManagerFactory for persistence unit 'default'
12 Jul 2024 - 16:12:12.054 [SpringApplicationShutdownHook] INFO  com.zaxxer.hikari.HikariDataSource - HikariPool-1 - Shutdown initiated...
12 Jul 2024 - 16:12:12.062 [SpringApplicationShutdownHook] INFO  com.zaxxer.hikari.HikariDataSource - HikariPool-1 - Shutdown completed.
13 Jul 2024 - 19:00:50.664 [main] INFO  org.example.YoutubeApplication - Starting YoutubeApplication using Java 17.0.10 with PID 10780 (D:\Code_uz\Hojiakbar\JDBC_Spring_Project\Sppring\Youtube\target\classes started by Hp victus in D:\Code_uz\Hojiakbar\JDBC_Spring_Project\Sppring\Youtube)
13 Jul 2024 - 19:00:50.679 [main] INFO  org.example.YoutubeApplication - The following 1 profile is active: "dev"
13 Jul 2024 - 19:00:51.529 [main] INFO  o.s.d.r.c.RepositoryConfigurationDelegate - Bootstrapping Spring Data JPA repositories in DEFAULT mode.
13 Jul 2024 - 19:00:51.610 [main] INFO  o.s.d.r.c.RepositoryConfigurationDelegate - Finished Spring Data repository scanning in 74 ms. Found 8 JPA repository interfaces.
13 Jul 2024 - 19:00:52.105 [main] INFO  o.s.b.w.e.tomcat.TomcatWebServer - Tomcat initialized with port 8080 (http)
13 Jul 2024 - 19:00:52.117 [main] INFO  o.a.catalina.core.StandardService - Starting service [Tomcat]
13 Jul 2024 - 19:00:52.118 [main] INFO  o.a.catalina.core.StandardEngine - Starting Servlet engine: [Apache Tomcat/10.1.25]
13 Jul 2024 - 19:00:52.179 [main] INFO  o.a.c.c.C.[Tomcat].[localhost].[/] - Initializing Spring embedded WebApplicationContext
13 Jul 2024 - 19:00:52.180 [main] INFO  o.s.b.w.s.c.ServletWebServerApplicationContext - Root WebApplicationContext: initialization completed in 1466 ms
13 Jul 2024 - 19:00:52.320 [main] INFO  o.h.jpa.internal.util.LogHelper - HHH000204: Processing PersistenceUnitInfo [name: default]
13 Jul 2024 - 19:00:52.393 [main] INFO  org.hibernate.Version - HHH000412: Hibernate ORM core version 6.5.2.Final
13 Jul 2024 - 19:00:52.433 [main] INFO  o.h.c.i.RegionFactoryInitiator - HHH000026: Second-level cache disabled
13 Jul 2024 - 19:00:52.760 [main] INFO  o.s.o.j.p.SpringPersistenceUnitInfo - No LoadTimeWeaver setup: ignoring JPA class transformer
13 Jul 2024 - 19:00:52.792 [main] INFO  com.zaxxer.hikari.HikariDataSource - HikariPool-1 - Starting...
13 Jul 2024 - 19:00:52.965 [main] INFO  com.zaxxer.hikari.pool.HikariPool - HikariPool-1 - Added connection org.postgresql.jdbc.PgConnection@4fbe486c
13 Jul 2024 - 19:00:52.967 [main] INFO  com.zaxxer.hikari.HikariDataSource - HikariPool-1 - Start completed.
13 Jul 2024 - 19:00:53.034 [main] WARN  org.hibernate.orm.deprecation - HHH90000025: PostgreSQLDialect does not need to be specified explicitly using 'hibernate.dialect' (remove the property setting and it will be selected by default)
13 Jul 2024 - 19:00:54.040 [main] INFO  o.h.e.t.j.p.i.JtaPlatformInitiator - HHH000489: No JTA platform available (set 'hibernate.transaction.jta.platform' to enable JTA platform integration)
13 Jul 2024 - 19:00:54.255 [main] INFO  o.s.o.j.LocalContainerEntityManagerFactoryBean - Initialized JPA EntityManagerFactory for persistence unit 'default'
13 Jul 2024 - 19:00:54.475 [main] INFO  o.s.d.j.r.query.QueryEnhancerFactory - Hibernate is in classpath; If applicable, HQL parser will be used.
13 Jul 2024 - 19:00:55.342 [main] WARN  o.s.b.a.o.j.JpaBaseConfiguration$JpaWebConfiguration - spring.jpa.open-in-view is enabled by default. Therefore, database queries may be performed during view rendering. Explicitly configure spring.jpa.open-in-view to disable this warning
13 Jul 2024 - 19:00:55.373 [main] INFO  o.s.s.c.a.a.c.InitializeAuthenticationProviderBeanManagerConfigurer$InitializeAuthenticationProviderManagerConfigurer - Global AuthenticationManager configured with AuthenticationProvider bean with name authenticationProvider
13 Jul 2024 - 19:00:55.374 [main] WARN  o.s.s.c.a.a.c.InitializeUserDetailsBeanManagerConfigurer$InitializeUserDetailsManagerConfigurer - Global AuthenticationManager configured with an AuthenticationProvider bean. UserDetailsService beans will not be used for username/password login. Consider removing the AuthenticationProvider bean. Alternatively, consider using the UserDetailsService in a manually instantiated DaoAuthenticationProvider.
13 Jul 2024 - 19:00:56.050 [main] INFO  o.s.b.w.e.tomcat.TomcatWebServer - Tomcat started on port 8080 (http) with context path '/'
13 Jul 2024 - 19:00:56.060 [main] INFO  org.example.YoutubeApplication - Started YoutubeApplication in 5.741 seconds (process running for 6.253)
13 Jul 2024 - 19:00:56.217 [main] INFO  org.flywaydb.core.FlywayExecutor - Database: jdbc:postgresql://localhost:5432/Youtube (PostgreSQL 14.11)
13 Jul 2024 - 19:00:56.273 [main] INFO  o.f.core.internal.command.DbValidate - Successfully validated 2 migrations (execution time 00:00.037s)
13 Jul 2024 - 19:00:56.288 [main] INFO  o.f.core.internal.command.DbMigrate - Current version of schema "public": 2
13 Jul 2024 - 19:00:56.293 [main] INFO  o.f.core.internal.command.DbMigrate - Schema "public" is up to date. No migration necessary.
13 Jul 2024 - 19:17:22.741 [HikariPool-1 housekeeper] WARN  com.zaxxer.hikari.pool.HikariPool - HikariPool-1 - Thread starvation or clock leap detected (housekeeper delta=59s502ms420µs600ns).
13 Jul 2024 - 19:37:19.306 [HikariPool-1 housekeeper] WARN  com.zaxxer.hikari.pool.HikariPool - HikariPool-1 - Thread starvation or clock leap detected (housekeeper delta=1m26s300ms664µs600ns).
13 Jul 2024 - 19:54:11.894 [HikariPool-1 housekeeper] WARN  com.zaxxer.hikari.pool.HikariPool - HikariPool-1 - Thread starvation or clock leap detected (housekeeper delta=1m22s363ms342µs400ns).
13 Jul 2024 - 20:11:02.619 [HikariPool-1 housekeeper] WARN  com.zaxxer.hikari.pool.HikariPool - HikariPool-1 - Thread starvation or clock leap detected (housekeeper delta=2m20s498ms701µs101ns).
13 Jul 2024 - 20:42:15.211 [HikariPool-1 housekeeper] WARN  com.zaxxer.hikari.pool.HikariPool - HikariPool-1 - Thread starvation or clock leap detected (housekeeper delta=20m42s435ms499µs).
13 Jul 2024 - 21:11:02.953 [HikariPool-1 housekeeper] WARN  com.zaxxer.hikari.pool.HikariPool - HikariPool-1 - Thread starvation or clock leap detected (housekeeper delta=47s252ms432µs200ns).
13 Jul 2024 - 21:17:15.572 [HikariPool-1 housekeeper] WARN  com.zaxxer.hikari.pool.HikariPool - HikariPool-1 - Thread starvation or clock leap detected (housekeeper delta=2m42s570ms902µs800ns).
13 Jul 2024 - 21:28:24.876 [HikariPool-1 housekeeper] WARN  com.zaxxer.hikari.pool.HikariPool - HikariPool-1 - Thread starvation or clock leap detected (housekeeper delta=6m39s222ms186µs200ns).
13 Jul 2024 - 21:49:17.509 [HikariPool-1 housekeeper] WARN  com.zaxxer.hikari.pool.HikariPool - HikariPool-1 - Thread starvation or clock leap detected (housekeeper delta=6m39s828ms984µs900ns).
