30 Jun 2024 - 08:11:38.391 [HikariPool-1 housekeeper] WARN  com.zaxxer.hikari.pool.HikariPool - HikariPool-1 - Thread starvation or clock leap detected (housekeeper delta=10h17m25s948ms769µs).
30 Jun 2024 - 08:14:08.260 [SpringApplicationShutdownHook] INFO  o.s.o.j.LocalContainerEntityManagerFactoryBean - Closing JPA EntityManagerFactory for persistence unit 'default'
30 Jun 2024 - 08:14:08.262 [SpringApplicationShutdownHook] INFO  com.zaxxer.hikari.HikariDataSource - HikariPool-1 - Shutdown initiated...
30 Jun 2024 - 08:14:08.266 [SpringApplicationShutdownHook] INFO  com.zaxxer.hikari.HikariDataSource - HikariPool-1 - Shutdown completed.
30 Jun 2024 - 08:14:16.419 [main] INFO  org.example.YoutubeApplication - Starting YoutubeApplication using Java 21.0.2 with PID 2980 (D:\Code_uz\Hojiakbar\JDBC_Spring_Project\Sppring\Youtube\target\classes started by Hp victus in D:\Code_uz\Hojiakbar\JDBC_Spring_Project\Sppring\Youtube)
30 Jun 2024 - 08:14:16.436 [main] INFO  org.example.YoutubeApplication - The following 1 profile is active: "dev"
30 Jun 2024 - 08:14:18.085 [main] INFO  o.s.d.r.c.RepositoryConfigurationDelegate - Bootstrapping Spring Data JPA repositories in DEFAULT mode.
30 Jun 2024 - 08:14:18.168 [main] INFO  o.s.d.r.c.RepositoryConfigurationDelegate - Finished Spring Data repository scanning in 75 ms. Found 4 JPA repository interfaces.
30 Jun 2024 - 08:14:18.852 [main] INFO  o.s.b.w.e.tomcat.TomcatWebServer - Tomcat initialized with port 8080 (http)
30 Jun 2024 - 08:14:18.866 [main] INFO  o.a.catalina.core.StandardService - Starting service [Tomcat]
30 Jun 2024 - 08:14:18.866 [main] INFO  o.a.catalina.core.StandardEngine - Starting Servlet engine: [Apache Tomcat/10.1.25]
30 Jun 2024 - 08:14:18.947 [main] INFO  o.a.c.c.C.[Tomcat].[localhost].[/] - Initializing Spring embedded WebApplicationContext
30 Jun 2024 - 08:14:18.947 [main] INFO  o.s.b.w.s.c.ServletWebServerApplicationContext - Root WebApplicationContext: initialization completed in 2462 ms
30 Jun 2024 - 08:14:19.109 [main] INFO  o.h.jpa.internal.util.LogHelper - HHH000204: Processing PersistenceUnitInfo [name: default]
30 Jun 2024 - 08:14:19.180 [main] INFO  org.hibernate.Version - HHH000412: Hibernate ORM core version 6.5.2.Final
30 Jun 2024 - 08:14:19.219 [main] INFO  o.h.c.i.RegionFactoryInitiator - HHH000026: Second-level cache disabled
30 Jun 2024 - 08:14:19.559 [main] INFO  o.s.o.j.p.SpringPersistenceUnitInfo - No LoadTimeWeaver setup: ignoring JPA class transformer
30 Jun 2024 - 08:14:19.584 [main] INFO  com.zaxxer.hikari.HikariDataSource - HikariPool-1 - Starting...
30 Jun 2024 - 08:14:19.832 [main] INFO  com.zaxxer.hikari.pool.HikariPool - HikariPool-1 - Added connection org.postgresql.jdbc.PgConnection@68821f6
30 Jun 2024 - 08:14:19.834 [main] INFO  com.zaxxer.hikari.HikariDataSource - HikariPool-1 - Start completed.
30 Jun 2024 - 08:14:20.998 [main] INFO  o.h.e.t.j.p.i.JtaPlatformInitiator - HHH000489: No JTA platform available (set 'hibernate.transaction.jta.platform' to enable JTA platform integration)
30 Jun 2024 - 08:14:21.098 [main] INFO  o.s.o.j.LocalContainerEntityManagerFactoryBean - Initialized JPA EntityManagerFactory for persistence unit 'default'
30 Jun 2024 - 08:14:21.390 [main] INFO  o.s.d.j.r.query.QueryEnhancerFactory - Hibernate is in classpath; If applicable, HQL parser will be used.
30 Jun 2024 - 08:14:22.231 [main] WARN  o.s.b.a.o.j.JpaBaseConfiguration$JpaWebConfiguration - spring.jpa.open-in-view is enabled by default. Therefore, database queries may be performed during view rendering. Explicitly configure spring.jpa.open-in-view to disable this warning
30 Jun 2024 - 08:14:22.278 [main] INFO  o.s.s.c.a.a.c.InitializeAuthenticationProviderBeanManagerConfigurer$InitializeAuthenticationProviderManagerConfigurer - Global AuthenticationManager configured with AuthenticationProvider bean with name authenticationProvider
30 Jun 2024 - 08:14:22.279 [main] WARN  o.s.s.c.a.a.c.InitializeUserDetailsBeanManagerConfigurer$InitializeUserDetailsManagerConfigurer - Global AuthenticationManager configured with an AuthenticationProvider bean. UserDetailsService beans will not be used for username/password login. Consider removing the AuthenticationProvider bean. Alternatively, consider using the UserDetailsService in a manually instantiated DaoAuthenticationProvider.
30 Jun 2024 - 08:14:23.226 [main] INFO  o.s.b.w.e.tomcat.TomcatWebServer - Tomcat started on port 8080 (http) with context path '/'
30 Jun 2024 - 08:14:23.237 [main] INFO  org.example.YoutubeApplication - Started YoutubeApplication in 7.281 seconds (process running for 12.844)
30 Jun 2024 - 08:14:23.395 [main] INFO  org.flywaydb.core.FlywayExecutor - Database: jdbc:postgresql://localhost:5432/Youtube (PostgreSQL 14.11)
30 Jun 2024 - 08:14:23.499 [main] INFO  o.f.core.internal.command.DbValidate - Successfully validated 2 migrations (execution time 00:00.082s)
30 Jun 2024 - 08:14:23.512 [main] INFO  o.f.core.internal.command.DbMigrate - Current version of schema "public": 2
30 Jun 2024 - 08:14:23.514 [main] INFO  o.f.core.internal.command.DbMigrate - Schema "public" is up to date. No migration necessary.
30 Jun 2024 - 08:14:27.859 [http-nio-8080-exec-1] INFO  o.a.c.c.C.[Tomcat].[localhost].[/] - Initializing Spring DispatcherServlet 'dispatcherServlet'
30 Jun 2024 - 08:14:27.859 [http-nio-8080-exec-1] INFO  o.s.web.servlet.DispatcherServlet - Initializing Servlet 'dispatcherServlet'
30 Jun 2024 - 08:14:27.861 [http-nio-8080-exec-1] INFO  o.s.web.servlet.DispatcherServlet - Completed initialization in 1 ms
30 Jun 2024 - 08:17:54.547 [SpringApplicationShutdownHook] INFO  o.s.o.j.LocalContainerEntityManagerFactoryBean - Closing JPA EntityManagerFactory for persistence unit 'default'
30 Jun 2024 - 08:17:54.551 [SpringApplicationShutdownHook] INFO  com.zaxxer.hikari.HikariDataSource - HikariPool-1 - Shutdown initiated...
30 Jun 2024 - 08:17:54.554 [SpringApplicationShutdownHook] INFO  com.zaxxer.hikari.HikariDataSource - HikariPool-1 - Shutdown completed.
30 Jun 2024 - 08:17:59.343 [main] INFO  org.example.YoutubeApplication - Starting YoutubeApplication using Java 21.0.2 with PID 22420 (D:\Code_uz\Hojiakbar\JDBC_Spring_Project\Sppring\Youtube\target\classes started by Hp victus in D:\Code_uz\Hojiakbar\JDBC_Spring_Project\Sppring\Youtube)
30 Jun 2024 - 08:17:59.358 [main] INFO  org.example.YoutubeApplication - The following 1 profile is active: "dev"
30 Jun 2024 - 08:18:00.411 [main] INFO  o.s.d.r.c.RepositoryConfigurationDelegate - Bootstrapping Spring Data JPA repositories in DEFAULT mode.
30 Jun 2024 - 08:18:00.525 [main] INFO  o.s.d.r.c.RepositoryConfigurationDelegate - Finished Spring Data repository scanning in 102 ms. Found 4 JPA repository interfaces.
30 Jun 2024 - 08:18:01.175 [main] INFO  o.s.b.w.e.tomcat.TomcatWebServer - Tomcat initialized with port 8080 (http)
30 Jun 2024 - 08:18:01.187 [main] INFO  o.a.catalina.core.StandardService - Starting service [Tomcat]
30 Jun 2024 - 08:18:01.188 [main] INFO  o.a.catalina.core.StandardEngine - Starting Servlet engine: [Apache Tomcat/10.1.25]
30 Jun 2024 - 08:18:01.269 [main] INFO  o.a.c.c.C.[Tomcat].[localhost].[/] - Initializing Spring embedded WebApplicationContext
30 Jun 2024 - 08:18:01.270 [main] INFO  o.s.b.w.s.c.ServletWebServerApplicationContext - Root WebApplicationContext: initialization completed in 1860 ms
30 Jun 2024 - 08:18:01.439 [main] INFO  o.h.jpa.internal.util.LogHelper - HHH000204: Processing PersistenceUnitInfo [name: default]
30 Jun 2024 - 08:18:01.567 [main] INFO  org.hibernate.Version - HHH000412: Hibernate ORM core version 6.5.2.Final
30 Jun 2024 - 08:18:01.603 [main] INFO  o.h.c.i.RegionFactoryInitiator - HHH000026: Second-level cache disabled
30 Jun 2024 - 08:18:01.979 [main] INFO  o.s.o.j.p.SpringPersistenceUnitInfo - No LoadTimeWeaver setup: ignoring JPA class transformer
30 Jun 2024 - 08:18:02.011 [main] INFO  com.zaxxer.hikari.HikariDataSource - HikariPool-1 - Starting...
30 Jun 2024 - 08:18:02.197 [main] INFO  com.zaxxer.hikari.pool.HikariPool - HikariPool-1 - Added connection org.postgresql.jdbc.PgConnection@3bcc8f13
30 Jun 2024 - 08:18:02.200 [main] INFO  com.zaxxer.hikari.HikariDataSource - HikariPool-1 - Start completed.
30 Jun 2024 - 08:18:03.370 [main] INFO  o.h.e.t.j.p.i.JtaPlatformInitiator - HHH000489: No JTA platform available (set 'hibernate.transaction.jta.platform' to enable JTA platform integration)
30 Jun 2024 - 08:18:03.464 [main] INFO  o.s.o.j.LocalContainerEntityManagerFactoryBean - Initialized JPA EntityManagerFactory for persistence unit 'default'
30 Jun 2024 - 08:18:03.759 [main] INFO  o.s.d.j.r.query.QueryEnhancerFactory - Hibernate is in classpath; If applicable, HQL parser will be used.
30 Jun 2024 - 08:18:04.677 [main] WARN  o.s.b.a.o.j.JpaBaseConfiguration$JpaWebConfiguration - spring.jpa.open-in-view is enabled by default. Therefore, database queries may be performed during view rendering. Explicitly configure spring.jpa.open-in-view to disable this warning
30 Jun 2024 - 08:18:04.726 [main] INFO  o.s.s.c.a.a.c.InitializeAuthenticationProviderBeanManagerConfigurer$InitializeAuthenticationProviderManagerConfigurer - Global AuthenticationManager configured with AuthenticationProvider bean with name authenticationProvider
30 Jun 2024 - 08:18:04.727 [main] WARN  o.s.s.c.a.a.c.InitializeUserDetailsBeanManagerConfigurer$InitializeUserDetailsManagerConfigurer - Global AuthenticationManager configured with an AuthenticationProvider bean. UserDetailsService beans will not be used for username/password login. Consider removing the AuthenticationProvider bean. Alternatively, consider using the UserDetailsService in a manually instantiated DaoAuthenticationProvider.
30 Jun 2024 - 08:18:05.529 [main] INFO  o.s.b.w.e.tomcat.TomcatWebServer - Tomcat started on port 8080 (http) with context path '/'
30 Jun 2024 - 08:18:05.541 [main] INFO  org.example.YoutubeApplication - Started YoutubeApplication in 6.586 seconds (process running for 7.202)
30 Jun 2024 - 08:18:05.703 [main] INFO  org.flywaydb.core.FlywayExecutor - Database: jdbc:postgresql://localhost:5432/Youtube (PostgreSQL 14.11)
30 Jun 2024 - 08:18:05.785 [main] INFO  o.f.core.internal.command.DbValidate - Successfully validated 2 migrations (execution time 00:00.062s)
30 Jun 2024 - 08:18:05.796 [main] INFO  o.f.core.internal.command.DbMigrate - Current version of schema "public": 2
30 Jun 2024 - 08:18:05.798 [main] INFO  o.f.core.internal.command.DbMigrate - Schema "public" is up to date. No migration necessary.
30 Jun 2024 - 08:18:32.990 [http-nio-8080-exec-2] INFO  o.a.c.c.C.[Tomcat].[localhost].[/] - Initializing Spring DispatcherServlet 'dispatcherServlet'
30 Jun 2024 - 08:18:32.991 [http-nio-8080-exec-2] INFO  o.s.web.servlet.DispatcherServlet - Initializing Servlet 'dispatcherServlet'
30 Jun 2024 - 08:18:32.993 [http-nio-8080-exec-2] INFO  o.s.web.servlet.DispatcherServlet - Completed initialization in 2 ms
30 Jun 2024 - 13:03:04.052 [HikariPool-1 housekeeper] WARN  com.zaxxer.hikari.pool.HikariPool - HikariPool-1 - Thread starvation or clock leap detected (housekeeper delta=4h39m31s666ms493µs100ns).
